<?xml version="1.0" encoding="UTF-8"?>
<testsuite xmlns:xsi="http://www.w3.org/2001/XMLSchema-instance" xsi:noNamespaceSchemaLocation="https://maven.apache.org/surefire/maven-surefire-plugin/xsd/surefire-test-report.xsd" version="3.0.2" name="com.example.appointment.AppointmentApplicationTests" time="4.667" tests="1" errors="0" skipped="0" failures="0">
  <properties>
[...]
</properties>
  <testcase name="contextLoads" classname="com.example.appointment.AppointmentApplicationTests" time="0.302">
    <system-out><![CDATA[21:56:07.471 [main] INFO org.springframework.test.context.support.AnnotationConfigContextLoaderUtils -- Could not detect default configuration classes for test class [com.example.appointment.AppointmentApplicationTests]: AppointmentApplicationTests does not declare any static, non-private, non-final, nested classes annotated with @Configuration.
21:56:07.527 [main] INFO org.springframework.boot.test.context.SpringBootTestContextBootstrapper -- Found @SpringBootConfiguration com.example.appointment.AppointmentApplication for test class com.example.appointment.AppointmentApplicationTests

  .   ____          _            __ _ _
 /\\ / ___'_ __ _ _(_)_ __  __ _ \ \ \ \
( ( )\___ | '_ | '_| | '_ \/ _` | \ \ \ \
 \\/  ___)| |_)| | | | | || (_| |  ) ) ) )
  '  |____| .__|_| |_|_| |_\__, | / / / /
 =========|_|==============|___/=/_/_/_/

 :: Spring Boot ::                (v4.0.1)

2025-12-31T21:56:07.790+03:00  INFO %PARSER_ERROR[pid] --- [           main] c.e.a.AppointmentApplicationTests        : Starting AppointmentApplicationTests using Java 17.0.17 with PID 123883 (started by aehamalhaeak in /home/aehamalhaeak/projects/appointment-system)
2025-12-31T21:56:07.791+03:00 DEBUG %PARSER_ERROR[pid] --- [           main] c.e.a.AppointmentApplicationTests        : Running with Spring Boot v4.0.1, Spring v7.0.2
2025-12-31T21:56:07.792+03:00  INFO %PARSER_ERROR[pid] --- [           main] c.e.a.AppointmentApplicationTests        : No active profile set, falling back to 1 default profile: "default"
2025-12-31T21:56:07.810+03:00 DEBUG %PARSER_ERROR[pid] --- [           main] o.s.w.c.s.GenericWebApplicationContext   : Refreshing org.springframework.web.context.support.GenericWebApplicationContext@35e8316e
2025-12-31T21:56:08.350+03:00  INFO %PARSER_ERROR[pid] --- [           main] .s.d.r.c.RepositoryConfigurationDelegate : Multiple Spring Data modules found, entering strict repository configuration mode
2025-12-31T21:56:08.351+03:00  INFO %PARSER_ERROR[pid] --- [           main] .s.d.r.c.RepositoryConfigurationDelegate : Bootstrapping Spring Data JPA repositories in DEFAULT mode.
2025-12-31T21:56:08.431+03:00  INFO %PARSER_ERROR[pid] --- [           main] .s.d.r.c.RepositoryConfigurationDelegate : Finished Spring Data repository scanning in 73 ms. Found 4 JPA repository interfaces.
2025-12-31T21:56:08.458+03:00  INFO %PARSER_ERROR[pid] --- [           main] .s.d.r.c.RepositoryConfigurationDelegate : Multiple Spring Data modules found, entering strict repository configuration mode
2025-12-31T21:56:08.459+03:00  INFO %PARSER_ERROR[pid] --- [           main] .s.d.r.c.RepositoryConfigurationDelegate : Bootstrapping Spring Data Redis repositories in DEFAULT mode.
2025-12-31T21:56:08.468+03:00  INFO %PARSER_ERROR[pid] --- [           main] .RepositoryConfigurationExtensionSupport : Spring Data Redis - Could not safely identify store assignment for repository candidate interface com.example.appointment.Auth.UserSessionRepository; If you want this repository to be a Redis repository, consider annotating your entities with one of these annotations: org.springframework.data.redis.core.RedisHash (preferred), or consider extending one of the following types with your repository: org.springframework.data.keyvalue.repository.KeyValueRepository
2025-12-31T21:56:08.469+03:00  INFO %PARSER_ERROR[pid] --- [           main] .RepositoryConfigurationExtensionSupport : Spring Data Redis - Could not safely identify store assignment for repository candidate interface com.example.appointment.Services.ServiceRepository; If you want this repository to be a Redis repository, consider annotating your entities with one of these annotations: org.springframework.data.redis.core.RedisHash (preferred), or consider extending one of the following types with your repository: org.springframework.data.keyvalue.repository.KeyValueRepository
2025-12-31T21:56:08.469+03:00  INFO %PARSER_ERROR[pid] --- [           main] .RepositoryConfigurationExtensionSupport : Spring Data Redis - Could not safely identify store assignment for repository candidate interface com.example.appointment.User.UserRepository; If you want this repository to be a Redis repository, consider annotating your entities with one of these annotations: org.springframework.data.redis.core.RedisHash (preferred), or consider extending one of the following types with your repository: org.springframework.data.keyvalue.repository.KeyValueRepository
2025-12-31T21:56:08.469+03:00  INFO %PARSER_ERROR[pid] --- [           main] .RepositoryConfigurationExtensionSupport : Spring Data Redis - Could not safely identify store assignment for repository candidate interface com.example.appointment.WorkingSchedule.Working_scheduleRepository; If you want this repository to be a Redis repository, consider annotating your entities with one of these annotations: org.springframework.data.redis.core.RedisHash (preferred), or consider extending one of the following types with your repository: org.springframework.data.keyvalue.repository.KeyValueRepository
2025-12-31T21:56:08.469+03:00  INFO %PARSER_ERROR[pid] --- [           main] .s.d.r.c.RepositoryConfigurationDelegate : Finished Spring Data repository scanning in 4 ms. Found 0 Redis repository interfaces.
2025-12-31T21:56:09.076+03:00  INFO %PARSER_ERROR[pid] --- [           main] com.zaxxer.hikari.HikariDataSource       : HikariPool-1 - Starting...
2025-12-31T21:56:09.196+03:00  INFO %PARSER_ERROR[pid] --- [           main] com.zaxxer.hikari.pool.HikariPool        : HikariPool-1 - Added connection org.postgresql.jdbc.PgConnection@191b44ca
2025-12-31T21:56:09.197+03:00  INFO %PARSER_ERROR[pid] --- [           main] com.zaxxer.hikari.HikariDataSource       : HikariPool-1 - Start completed.
2025-12-31T21:56:09.216+03:00  INFO %PARSER_ERROR[pid] --- [           main] org.flywaydb.core.FlywayExecutor         : Database: jdbc:postgresql://localhost:7777/appointment (PostgreSQL 17.7)
2025-12-31T21:56:09.249+03:00  INFO %PARSER_ERROR[pid] --- [           main] o.f.core.internal.command.DbValidate     : Successfully validated 8 migrations (execution time 00:00.017s)
2025-12-31T21:56:09.286+03:00  INFO %PARSER_ERROR[pid] --- [           main] o.f.core.internal.command.DbMigrate      : Current version of schema "public": 8
2025-12-31T21:56:09.289+03:00  INFO %PARSER_ERROR[pid] --- [           main] o.f.core.internal.command.DbMigrate      : Schema "public" is up to date. No migration necessary.
2025-12-31T21:56:09.365+03:00  INFO %PARSER_ERROR[pid] --- [           main] org.hibernate.orm.jpa                    : HHH008540: Processing PersistenceUnitInfo [name: default]
2025-12-31T21:56:09.394+03:00  INFO %PARSER_ERROR[pid] --- [           main] org.hibernate.orm.core                   : HHH000001: Hibernate ORM core version 7.2.0.Final
2025-12-31T21:56:09.634+03:00  INFO %PARSER_ERROR[pid] --- [           main] o.s.o.j.p.SpringPersistenceUnitInfo      : No LoadTimeWeaver setup: ignoring JPA class transformer
2025-12-31T21:56:09.670+03:00  WARN %PARSER_ERROR[pid] --- [           main] org.hibernate.orm.deprecation            : HHH90000025: PostgreSQLDialect does not need to be specified explicitly using 'hibernate.dialect' (remove the property setting and it will be selected by default)
2025-12-31T21:56:09.680+03:00  INFO %PARSER_ERROR[pid] --- [           main] org.hibernate.orm.connections.pooling    : HHH10001005: Database info:
	Database JDBC URL [jdbc:postgresql://localhost:7777/appointment]
	Database driver: PostgreSQL JDBC Driver
	Database dialect: PostgreSQLDialect
	Database version: 17.7
	Default catalog/schema: appointment/public
	Autocommit mode: undefined/unknown
	Isolation level: READ_COMMITTED [default READ_COMMITTED]
	JDBC fetch size: none
	Pool: DataSourceConnectionProvider
	Minimum pool size: undefined/unknown
	Maximum pool size: undefined/unknown
2025-12-31T21:56:10.273+03:00  INFO %PARSER_ERROR[pid] --- [           main] org.hibernate.orm.core                   : HHH000489: No JTA platform available (set 'hibernate.transaction.jta.platform' to enable JTA platform integration)
2025-12-31T21:56:10.305+03:00  INFO %PARSER_ERROR[pid] --- [           main] j.LocalContainerEntityManagerFactoryBean : Initialized JPA EntityManagerFactory for persistence unit 'default'
2025-12-31T21:56:10.371+03:00  INFO %PARSER_ERROR[pid] --- [           main] o.s.d.j.r.query.QueryEnhancerFactories   : Hibernate is in classpath; If applicable, HQL parser will be used.
2025-12-31T21:56:11.009+03:00  WARN %PARSER_ERROR[pid] --- [           main] .s.a.UserDetailsServiceAutoConfiguration : 

Using generated security password: 47649fb2-8ee9-43fe-8762-e67ef4c5793a

This generated password is for development use only. Your security configuration must be updated before running your application in production.

2025-12-31T21:56:11.016+03:00  INFO %PARSER_ERROR[pid] --- [           main] r$InitializeUserDetailsManagerConfigurer : Global AuthenticationManager configured with UserDetailsService bean with name inMemoryUserDetailsManager
2025-12-31T21:56:11.136+03:00 DEBUG %PARSER_ERROR[pid] --- [           main] o.s.s.web.DefaultSecurityFilterChain     : Will secure any request with filters: DisableEncodeUrlFilter, WebAsyncManagerIntegrationFilter, SecurityContextHolderFilter, HeaderWriterFilter, LogoutFilter, JwtAuthenticationFilter, RequestCacheAwareFilter, SecurityContextHolderAwareRequestFilter, AnonymousAuthenticationFilter, SessionManagementFilter, ExceptionTranslationFilter, AuthorizationFilter
2025-12-31T21:56:11.253+03:00 DEBUG %PARSER_ERROR[pid] --- [           main] s.w.s.m.m.a.RequestMappingHandlerMapping : 23 mappings in 'requestMappingHandlerMapping'
2025-12-31T21:56:11.278+03:00 DEBUG %PARSER_ERROR[pid] --- [           main] o.s.w.s.handler.SimpleUrlHandlerMapping  : Patterns [/webjars/**, /**] in 'resourceHandlerMapping'
2025-12-31T21:56:11.298+03:00 DEBUG %PARSER_ERROR[pid] --- [           main] s.w.s.m.m.a.RequestMappingHandlerAdapter : ControllerAdvice beans: 0 @ModelAttribute, 0 @InitBinder, 1 RequestBodyAdvice, 1 ResponseBodyAdvice
2025-12-31T21:56:11.338+03:00 DEBUG %PARSER_ERROR[pid] --- [           main] .m.m.a.ExceptionHandlerExceptionResolver : ControllerAdvice beans: 0 @ExceptionHandler, 1 ResponseBodyAdvice
2025-12-31T21:56:11.640+03:00  INFO %PARSER_ERROR[pid] --- [           main] o.s.b.a.e.web.EndpointLinksResolver      : Exposing 4 endpoints beneath base path '/actuator'
2025-12-31T21:56:11.692+03:00  INFO %PARSER_ERROR[pid] --- [           main] c.e.a.AppointmentApplicationTests        : Started AppointmentApplicationTests in 4.093 seconds (process running for 4.716)
]]></system-out>
    <system-err><![CDATA[21:56:07,730 |-ERROR in ch.qos.logback.core.pattern.parser.Compiler@76c387f9 - There is no conversion supplier registered for conversion word [pid]
21:56:07,730 |-ERROR in ch.qos.logback.core.pattern.parser.Compiler@76c387f9 - [pid] is not a valid conversion word
21:56:07,732 |-ERROR in ch.qos.logback.core.pattern.parser.Compiler@3a5c2626 - There is no conversion supplier registered for conversion word [pid]
21:56:07,732 |-ERROR in ch.qos.logback.core.pattern.parser.Compiler@3a5c2626 - [pid] is not a valid conversion word
]]></system-err>
  </testcase>
</testsuite>